2016-10-11 16:33:22,747 INFO supervisord started with pid 13950
2016-10-11 16:33:23,750 INFO spawned: 'novnc' with pid 13953
2016-10-11 16:33:23,762 INFO spawned: 'xvfb' with pid 13954
2016-10-11 16:33:23,806 INFO spawned: 'x11vnc' with pid 13956
2016-10-11 16:33:23,818 INFO spawned: 'fluxbox' with pid 13961
2016-10-11 16:33:24,862 INFO success: novnc entered RUNNING state, process has stayed up for > than 1 seconds (startsecs)
2016-10-11 16:33:24,866 INFO success: xvfb entered RUNNING state, process has stayed up for > than 1 seconds (startsecs)
2016-10-11 16:33:24,866 INFO success: x11vnc entered RUNNING state, process has stayed up for > than 1 seconds (startsecs)
2016-10-11 16:33:24,866 INFO success: fluxbox entered RUNNING state, process has stayed up for > than 1 seconds (startsecs)
2016-10-11 17:21:28,407 INFO exited: x11vnc (exit status 0; expected)
2016-10-11 17:21:29,730 WARN received SIGINT indicating exit request
2016-10-11 17:21:29,736 INFO waiting for novnc, xvfb, fluxbox to die
2016-10-11 17:21:29,905 INFO stopped: fluxbox (exit status 0)
2016-10-11 17:21:31,180 INFO stopped: xvfb (exit status 0)
2016-10-11 17:21:31,198 INFO stopped: novnc (exit status 143)
2016-10-11 17:24:29,369 INFO supervisord started with pid 19007
2016-10-11 17:24:30,371 INFO spawned: 'novnc' with pid 19010
2016-10-11 17:24:30,373 INFO spawned: 'xvfb' with pid 19011
2016-10-11 17:24:30,376 INFO spawned: 'x11vnc' with pid 19012
2016-10-11 17:24:30,378 INFO spawned: 'fluxbox' with pid 19013
2016-10-11 17:24:31,419 INFO success: novnc entered RUNNING state, process has stayed up for > than 1 seconds (startsecs)
2016-10-11 17:24:31,419 INFO success: xvfb entered RUNNING state, process has stayed up for > than 1 seconds (startsecs)
2016-10-11 17:24:31,421 INFO success: x11vnc entered RUNNING state, process has stayed up for > than 1 seconds (startsecs)
2016-10-11 17:24:31,421 INFO success: fluxbox entered RUNNING state, process has stayed up for > than 1 seconds (startsecs)
2016-10-11 18:09:13,714 INFO exited: x11vnc (exit status 0; expected)
2016-10-11 18:09:24,553 WARN received SIGINT indicating exit request
2016-10-11 18:09:24,560 INFO waiting for novnc, xvfb, fluxbox to die
2016-10-11 18:09:24,663 INFO stopped: fluxbox (exit status 0)
2016-10-11 18:09:25,954 INFO stopped: xvfb (exit status 0)
2016-10-11 18:09:25,968 INFO stopped: novnc (exit status 143)
2016-10-14 08:18:07,887 INFO supervisord started with pid 2320
2016-10-14 08:18:08,892 INFO spawned: 'novnc' with pid 2323
2016-10-14 08:18:08,893 INFO spawned: 'xvfb' with pid 2324
2016-10-14 08:18:08,895 INFO spawned: 'x11vnc' with pid 2325
2016-10-14 08:18:08,897 INFO spawned: 'fluxbox' with pid 2326
2016-10-14 08:18:09,931 INFO success: novnc entered RUNNING state, process has stayed up for > than 1 seconds (startsecs)
2016-10-14 08:18:09,931 INFO success: xvfb entered RUNNING state, process has stayed up for > than 1 seconds (startsecs)
2016-10-14 08:18:09,931 INFO success: x11vnc entered RUNNING state, process has stayed up for > than 1 seconds (startsecs)
2016-10-14 08:18:09,931 INFO success: fluxbox entered RUNNING state, process has stayed up for > than 1 seconds (startsecs)
2016-10-14 08:18:16,317 WARN received SIGINT indicating exit request
2016-10-14 08:18:16,317 INFO waiting for novnc, xvfb, x11vnc, fluxbox to die
2016-10-14 08:18:16,320 INFO stopped: fluxbox (exit status 0)
2016-10-14 08:18:16,322 INFO stopped: x11vnc (exit status 2)
2016-10-14 08:18:16,524 INFO stopped: xvfb (exit status 0)
2016-10-14 08:18:16,525 INFO stopped: novnc (exit status 143)
